<?xml version="1.0" encoding="UTF-8"?>
<testng-results ignored="0" total="1" passed="1" failed="0" skipped="0">
  <reporter-output>
  </reporter-output>
  <suite started-at="2024-10-22T17:36:10 TRT" name="Suite" finished-at="2024-10-22T17:37:08 TRT" duration-ms="57979">
    <groups>
      <group name="Smoke">
        <method signature="AppiumTest.AppiumTest()[pri:0, instance:AutomationProject.AppiumProject.AppiumTest@7803bfd]" name="AppiumTest" class="AutomationProject.AppiumProject.AppiumTest"/>
      </group> <!-- Smoke -->
    </groups>
    <test started-at="2024-10-22T17:36:10 TRT" name="Test" finished-at="2024-10-22T17:37:08 TRT" duration-ms="57979">
      <class name="AutomationProject.AppiumProject.AppiumTest">
        <test-method is-config="true" signature="Configure()[pri:0, instance:AutomationProject.AppiumProject.AppiumTest@7803bfd]" started-at="2024-10-22T17:36:10 TRT" name="Configure" finished-at="2024-10-22T17:36:20 TRT" duration-ms="10278" status="PASS">
          <reporter-output>
          </reporter-output>
        </test-method> <!-- Configure -->
        <test-method signature="AppiumTest()[pri:0, instance:AutomationProject.AppiumProject.AppiumTest@7803bfd]" started-at="2024-10-22T17:36:20 TRT" name="AppiumTest" finished-at="2024-10-22T17:37:06 TRT" duration-ms="45435" status="PASS">
          <reporter-output>
          </reporter-output>
        </test-method> <!-- AppiumTest -->
        <test-method is-config="true" signature="Close()[pri:0, instance:AutomationProject.AppiumProject.AppiumTest@7803bfd]" started-at="2024-10-22T17:37:06 TRT" name="Close" finished-at="2024-10-22T17:37:08 TRT" duration-ms="2236" status="PASS">
          <reporter-output>
          </reporter-output>
        </test-method> <!-- Close -->
      </class> <!-- AutomationProject.AppiumProject.AppiumTest -->
    </test> <!-- Test -->
  </suite> <!-- Suite -->
</testng-results>
